<?xml version="1.0" encoding="UTF-8"?>
<testsuite xmlns:xsi="http://www.w3.org/2001/XMLSchema-instance" xsi:noNamespaceSchemaLocation="https://maven.apache.org/surefire/maven-surefire-plugin/xsd/surefire-test-report.xsd" version="3.0.2" name="TestSuite" time="19.597" tests="1" errors="0" skipped="0" failures="0">
  <properties>
[...]
</properties>
  <testcase name="deleteResource" classname="com.testAutomation.tests.AllureReportGeneration" time="17.199">
    <system-out><![CDATA[2024-09-30T20:24:08,342 [main] INFO  (AllureReportGeneration.java:41) - e2e test started...
Request method:	POST
Request URI:	https://restful-booker.herokuapp.com/booking
Proxy:			<none>
Request params:	<none>
Query params:	<none>
Form params:	<none>
Path params:	<none>
Headers:		Accept=*/*
				Content-Type=application/json
Cookies:		<none>
Multiparts:		<none>
Body:
{
    "firstname": "Api",
    "lastname": "Testing",
    "totalprice": 1000,
    "depositpaid": true,
    "bookingdates": {
        "checkin": "2018-01-01",
        "checkout": "2019-01-01"
    },
    "additionalneeds": "super bowls"
}
{
    "bookingid": 1724,
    "booking": {
        "firstname": "Api",
        "lastname": "Testing",
        "totalprice": 1000,
        "depositpaid": true,
        "bookingdates": {
            "checkin": "2018-01-01",
            "checkout": "2019-01-01"
        },
        "additionalneeds": "super bowls"
    }
}
2024-09-30T20:24:19,477 [main] INFO  (RestApiListener.java:23) - 
 Method Name POST
 URI => https://restful-booker.herokuapp.com/booking
 Request Body {
    "firstname": "Api",
    "lastname": "Testing",
    "totalprice": 1000,
    "depositpaid": true,
    "bookingdates": {
        "checkin": "2018-01-01",
        "checkout": "2019-01-01"
    },
    "additionalneeds": "super bowls"
}
 Response Body {
    "bookingid": 1724,
    "booking": {
        "firstname": "Api",
        "lastname": "Testing",
        "totalprice": 1000,
        "depositpaid": true,
        "bookingdates": {
            "checkin": "2018-01-01",
            "checkout": "2019-01-01"
        },
        "additionalneeds": "super bowls"
    }
}
HTTP/1.1 200 OK
Server: Cowboy
Report-To: {"group":"heroku-nel","max_age":3600,"endpoints":[{"url":"https://nel.heroku.com/reports?ts=1727708059&sid=c46efe9b-d3d2-4a0c-8c76-bfafa16c5add&s=yo6vyqhlHA3iXKh0doTijUMUK1oWUQCJN1dGhDQZ%2FdY%3D"}]}
Reporting-Endpoints: heroku-nel=https://nel.heroku.com/reports?ts=1727708059&sid=c46efe9b-d3d2-4a0c-8c76-bfafa16c5add&s=yo6vyqhlHA3iXKh0doTijUMUK1oWUQCJN1dGhDQZ%2FdY%3D
Nel: {"report_to":"heroku-nel","max_age":3600,"success_fraction":0.005,"failure_fraction":0.05,"response_headers":["Via"]}
Connection: keep-alive
X-Powered-By: Express
Content-Type: application/json; charset=utf-8
Content-Length: 202
Etag: W/"ca-OyBLyBzULWwN0kR+cqAzn0rqDqE"
Date: Mon, 30 Sep 2024 14:54:19 GMT
Via: 1.1 vegur

{
    "bookingid": 1724,
    "booking": {
        "firstname": "Api",
        "lastname": "Testing",
        "totalprice": 1000,
        "depositpaid": true,
        "bookingdates": {
            "checkin": "2018-01-01",
            "checkout": "2019-01-01"
        },
        "additionalneeds": "super bowls"
    }
}
{
    "firstname": "Api",
    "lastname": "Testing",
    "totalprice": 1000,
    "depositpaid": true,
    "bookingdates": {
        "checkin": "2018-01-01",
        "checkout": "2019-01-01"
    },
    "additionalneeds": "super bowls"
}
2024-09-30T20:24:21,772 [main] INFO  (RestApiListener.java:23) - 
 Method Name GET
 URI => https://restful-booker.herokuapp.com/booking/1724
 Request Body null
 Response Body {
    "firstname": "Api",
    "lastname": "Testing",
    "totalprice": 1000,
    "depositpaid": true,
    "bookingdates": {
        "checkin": "2018-01-01",
        "checkout": "2019-01-01"
    },
    "additionalneeds": "super bowls"
}
{
    "token": "e1df3d58297fe86"
}
2024-09-30T20:24:23,005 [main] INFO  (RestApiListener.java:23) - 
 Method Name POST
 URI => https://restful-booker.herokuapp.com/auth
 Request Body {
    "username":"admin",
    "password":"password123"

}
 Response Body {
    "token": "e1df3d58297fe86"
}
2024-09-30T20:24:25,453 [main] INFO  (AllureReportGeneration.java:117) - e2e test ended...
]]></system-out>
    <system-err><![CDATA[SLF4J(W): No SLF4J providers were found.
SLF4J(W): Defaulting to no-operation (NOP) logger implementation
SLF4J(W): See https://www.slf4j.org/codes.html#noProviders for further details.
SLF4J(W): Class path contains SLF4J bindings targeting slf4j-api versions 1.7.x or earlier.
SLF4J(W): Ignoring binding found at [jar:file:/C:/Users/nanda/.m2/repository/org/apache/logging/log4j/log4j-slf4j-impl/2.20.0/log4j-slf4j-impl-2.20.0.jar!/org/slf4j/impl/StaticLoggerBinder.class]
SLF4J(W): See https://www.slf4j.org/codes.html#ignoredBindings for an explanation.
]]></system-err>
  </testcase>
</testsuite>