<?xml version="1.0" encoding="UTF-8"?>
<testng-results ignored="0" total="1" passed="1" failed="0" skipped="0">
  <reporter-output>
  </reporter-output>
  <suite started-at="2024-09-30T20:24:07 IST" name="Suite" finished-at="2024-09-30T20:24:25 IST" duration-ms="17875">
    <groups>
    </groups>
    <test started-at="2024-09-30T20:24:07 IST" name="Test" finished-at="2024-09-30T20:24:25 IST" duration-ms="17875">
      <class name="com.testAutomation.tests.AllureReportGeneration">
        <test-method is-config="true" signature="beforeMethod()[pri:0, instance:com.testAutomation.tests.AllureReportGeneration@4cc76301]" started-at="2024-09-30T20:24:07 IST" name="beforeMethod" finished-at="2024-09-30T20:24:08 IST" duration-ms="537" status="PASS">
          <reporter-output>
          </reporter-output>
        </test-method> <!-- beforeMethod -->
        <test-method signature="deleteResource()[pri:0, instance:com.testAutomation.tests.AllureReportGeneration@4cc76301]" started-at="2024-09-30T20:24:08 IST" name="deleteResource" description="e2e API Test" finished-at="2024-09-30T20:24:25 IST" duration-ms="17179" status="PASS">
          <reporter-output>
          </reporter-output>
        </test-method> <!-- deleteResource -->
        <test-method is-config="true" signature="afterMethod(org.testng.ITestResult)[pri:0, instance:com.testAutomation.tests.AllureReportGeneration@4cc76301]" started-at="2024-09-30T20:24:25 IST" name="afterMethod" finished-at="2024-09-30T20:24:25 IST" duration-ms="4" status="PASS">
          <params>
            <param index="0">
              <value>
                <![CDATA[[TestResult name=deleteResource status=SUCCESS method=AllureReportGeneration.deleteResource()[pri:0, instance:com.testAutomation.tests.AllureReportGeneration@4cc76301] output={null}]]]>
              </value>
            </param>
          </params>
          <reporter-output>
          </reporter-output>
        </test-method> <!-- afterMethod -->
      </class> <!-- com.testAutomation.tests.AllureReportGeneration -->
    </test> <!-- Test -->
  </suite> <!-- Suite -->
</testng-results>
