<?xml version="1.0" encoding="UTF-8"?>
<testng-results ignored="0" total="2" passed="2" failed="0" skipped="0">
  <reporter-output>
  </reporter-output>
  <suite started-at="2024-10-01T09:13:11 IST" name="Default suite" finished-at="2024-10-01T09:13:18 IST" duration-ms="6784">
    <groups>
    </groups>
    <test started-at="2024-10-01T09:13:11 IST" name="Default test" finished-at="2024-10-01T09:13:18 IST" duration-ms="6784">
      <class name="com.testAutomation.tests.DDTUsingExcelFile">
        <test-method signature="testFromExcel(java.util.TreeMap)[pri:0, instance:com.testAutomation.tests.DDTUsingExcelFile@673be18f]" started-at="2024-10-01T09:13:13 IST" name="testFromExcel" data-provider="testData" finished-at="2024-10-01T09:13:16 IST" duration-ms="3652" status="PASS">
          <params>
            <param index="0">
              <value>
                <![CDATA[{Run=Y, firstname=API, lastname=Test, totalprice=1000}]]>
              </value>
            </param>
          </params>
          <reporter-output>
          </reporter-output>
        </test-method> <!-- testFromExcel -->
        <test-method signature="testFromExcel(java.util.TreeMap)[pri:0, instance:com.testAutomation.tests.DDTUsingExcelFile@673be18f]" started-at="2024-10-01T09:13:16 IST" name="testFromExcel" data-provider="testData" finished-at="2024-10-01T09:13:18 IST" duration-ms="1329" status="PASS">
          <params>
            <param index="0">
              <value>
                <![CDATA[{Run=Y, firstname=Mobile, lastname=Testing, totalprice=250}]]>
              </value>
            </param>
          </params>
          <reporter-output>
          </reporter-output>
        </test-method> <!-- testFromExcel -->
      </class> <!-- com.testAutomation.tests.DDTUsingExcelFile -->
    </test> <!-- Default test -->
  </suite> <!-- Default suite -->
</testng-results>
